mobile_app/build/app/intermediates/manifest_merge_blame_file/debug/manifest-merger-blame-debug-report.txt
1<?xml version="1.0" encoding="utf-8"?>
2<manifest xmlns:android="http://schemas.android.com/apk/res/android"
3    package="com.example.mobile_app"
4    android:versionCode="1"
5    android:versionName="1.0.0" >
6
7    <uses-sdk
8        android:minSdkVersion="18"
9        android:targetSdkVersion="28" />
10    <!--
11         Flutter needs it to communicate with the running application
12         to allow setting breakpoints, to provide hot reload, etc.
13    -->
14    <uses-permission android:name="android.permission.INTERNET" />
14-->src\debug\AndroidManifest.xml:6:5-66
14-->src\debug\AndroidManifest.xml:6:22-64
15    <uses-permission android:name="android.permission.READ_EXTERNAL_STORAGE" />
15-->[:image_picker] AndroidManifest.xml:7:5-80
15-->[:image_picker] AndroidManifest.xml:7:22-77
16    <uses-permission android:name="android.permission.WRITE_EXTERNAL_STORAGE" />
16-->[:image_picker] AndroidManifest.xml:8:5-81
16-->[:image_picker] AndroidManifest.xml:8:22-78
17    <uses-permission android:name="android.permission.ACCESS_COARSE_LOCATION" />
17-->[:location] AndroidManifest.xml:7:5-81
17-->[:location] AndroidManifest.xml:7:22-78
18    <uses-permission android:name="android.permission.ACCESS_FINE_LOCATION" /> <!-- Include required permissions for Google Maps API to run. -->
18-->[:location] AndroidManifest.xml:8:5-79
18-->[:location] AndroidManifest.xml:8:22-76
19    <uses-permission android:name="android.permission.ACCESS_NETWORK_STATE" />
19-->[com.google.android.gms:play-services-maps:17.0.0] AndroidManifest.xml:23:5-79
19-->[com.google.android.gms:play-services-maps:17.0.0] AndroidManifest.xml:23:22-76
20
21    <uses-feature
21-->[com.google.android.gms:play-services-maps:17.0.0] AndroidManifest.xml:26:5-28:35
22        android:glEsVersion="0x00020000"
22-->[com.google.android.gms:play-services-maps:17.0.0] AndroidManifest.xml:27:9-41
23        android:required="true" />
23-->[com.google.android.gms:play-services-maps:17.0.0] AndroidManifest.xml:28:9-32
24    <!--
25 io.flutter.app.FlutterApplication is an android.app.Application that
26         calls FlutterMain.startInitialization(this); in its onCreate method.
27         In most cases you can leave this as-is, but you if you want to provide
28         additional functionality it is fine to subclass or reimplement
29         FlutterApplication and put your custom class here.
30    -->
31    <application
31-->src\main\AndroidManifest.xml:8:5-32:19
32        android:name="io.flutter.app.FlutterApplication"
32-->src\main\AndroidManifest.xml:9:9-57
33        android:appComponentFactory="androidx.core.app.CoreComponentFactory"
33-->[androidx.core:core:1.0.2] AndroidManifest.xml:22:18-86
34        android:debuggable="true"
35        android:icon="@mipmap/ic_launcher"
35-->src\main\AndroidManifest.xml:11:9-43
36        android:label="mobile_app" >
36-->src\main\AndroidManifest.xml:10:9-35
37        <meta-data
37-->src\main\AndroidManifest.xml:12:9-14:70
38            android:name="com.google.android.geo.API_KEY"
38-->src\main\AndroidManifest.xml:13:13-58
39            android:value="AIzaSyBDJNCEV2EJjmEYcNH1LsLWp-gAFGWVC8A" />
39-->src\main\AndroidManifest.xml:14:13-68
40
41        <activity
41-->src\main\AndroidManifest.xml:15:9-26:20
42            android:name="com.example.mobile_app.MainActivity"
42-->src\main\AndroidManifest.xml:16:13-41
43            android:configChanges="orientation|keyboardHidden|keyboard|screenSize|smallestScreenSize|locale|layoutDirection|fontScale|screenLayout|density|uiMode"
43-->src\main\AndroidManifest.xml:19:13-163
44            android:hardwareAccelerated="true"
44-->src\main\AndroidManifest.xml:20:13-47
45            android:launchMode="singleTop"
45-->src\main\AndroidManifest.xml:17:13-43
46            android:theme="@style/LaunchTheme"
46-->src\main\AndroidManifest.xml:18:13-47
47            android:windowSoftInputMode="adjustResize" >
47-->src\main\AndroidManifest.xml:21:13-55
48            <intent-filter>
48-->src\main\AndroidManifest.xml:22:13-25:29
49                <action android:name="android.intent.action.MAIN" />
49-->src\main\AndroidManifest.xml:23:17-68
49-->src\main\AndroidManifest.xml:23:25-66
50
51                <category android:name="android.intent.category.LAUNCHER" />
51-->src\main\AndroidManifest.xml:24:17-76
51-->src\main\AndroidManifest.xml:24:27-74
52            </intent-filter>
53        </activity>
54        <!--
55             Don't delete the meta-data below.
56             This is used by the Flutter tool to generate GeneratedPluginRegistrant.java
57        -->
58        <meta-data
58-->src\main\AndroidManifest.xml:29:9-31:33
59            android:name="flutterEmbedding"
59-->src\main\AndroidManifest.xml:30:13-44
60            android:value="2" />
60-->src\main\AndroidManifest.xml:31:13-30
61
62        <provider
62-->[:image_picker] AndroidManifest.xml:11:9-19:20
63            android:name="io.flutter.plugins.imagepicker.ImagePickerFileProvider"
63-->[:image_picker] AndroidManifest.xml:12:13-82
64            android:authorities="com.example.mobile_app.flutter.image_provider"
64-->[:image_picker] AndroidManifest.xml:13:13-74
65            android:exported="false"
65-->[:image_picker] AndroidManifest.xml:14:13-37
66            android:grantUriPermissions="true" >
66-->[:image_picker] AndroidManifest.xml:15:13-47
67            <meta-data
67-->[:image_picker] AndroidManifest.xml:16:13-18:75
68                android:name="android.support.FILE_PROVIDER_PATHS"
68-->[:image_picker] AndroidManifest.xml:17:17-67
69                android:resource="@xml/flutter_image_picker_file_paths" />
69-->[:image_picker] AndroidManifest.xml:18:17-72
70        </provider>
71
72        <activity
72-->[:url_launcher] AndroidManifest.xml:8:9-11:74
73            android:name="io.flutter.plugins.urllauncher.WebViewActivity"
73-->[:url_launcher] AndroidManifest.xml:9:13-74
74            android:exported="false"
74-->[:url_launcher] AndroidManifest.xml:10:13-37
75            android:theme="@android:style/Theme.NoTitleBar.Fullscreen" /> <!-- Needs to be explicitly declared on P+ -->
75-->[:url_launcher] AndroidManifest.xml:11:13-71
76        <uses-library
76-->[com.google.android.gms:play-services-maps:17.0.0] AndroidManifest.xml:33:9-35:40
77            android:name="org.apache.http.legacy"
77-->[com.google.android.gms:play-services-maps:17.0.0] AndroidManifest.xml:34:13-50
78            android:required="false" />
78-->[com.google.android.gms:play-services-maps:17.0.0] AndroidManifest.xml:35:13-37
79
80        <activity
80-->[com.google.android.gms:play-services-base:17.0.0] AndroidManifest.xml:23:9-26:75
81            android:name="com.google.android.gms.common.api.GoogleApiActivity"
81-->[com.google.android.gms:play-services-base:17.0.0] AndroidManifest.xml:24:13-79
82            android:exported="false"
82-->[com.google.android.gms:play-services-base:17.0.0] AndroidManifest.xml:25:13-37
83            android:theme="@android:style/Theme.Translucent.NoTitleBar" />
83-->[com.google.android.gms:play-services-base:17.0.0] AndroidManifest.xml:26:13-72
84
85        <meta-data
85-->[com.google.android.gms:play-services-basement:17.0.0] AndroidManifest.xml:23:9-25:69
86            android:name="com.google.android.gms.version"
86-->[com.google.android.gms:play-services-basement:17.0.0] AndroidManifest.xml:24:13-58
87            android:value="@integer/google_play_services_version" />
87-->[com.google.android.gms:play-services-basement:17.0.0] AndroidManifest.xml:25:13-66
88    </application>
89
90</manifest>